[0m13:06:49.685931 [debug] [MainThread]: Sending event: {'category': 'dbt', 'action': 'invocation', 'label': 'start', 'context': [<snowplow_tracker.self_describing_json.SelfDescribingJson object at 0x0000011927267C20>, <snowplow_tracker.self_describing_json.SelfDescribingJson object at 0x0000011924B1FCB0>, <snowplow_tracker.self_describing_json.SelfDescribingJson object at 0x000001192665BAA0>]}


============================== 13:06:49.701610 | b504c873-4b44-424a-bfa7-20174cc6a4f8 ==============================
[0m13:06:49.701610 [info ] [MainThread]: Running with dbt=1.11.7
[0m13:06:49.701610 [debug] [MainThread]: running dbt with arguments {'static_parser': 'True', 'no_print': 'None', 'version_check': 'True', 'target_path': 'None', 'warn_error_options': 'WarnErrorOptionsV2(error=[], warn=[], silence=[])', 'printer_width': '80', 'write_json': 'True', 'empty': 'None', 'log_cache_events': 'False', 'introspect': 'True', 'cache_selected_only': 'False', 'fail_fast': 'False', 'debug': 'False', 'log_format': 'default', 'profiles_dir': 'C:\\Users\\trott\\.dbt', 'send_anonymous_usage_stats': 'True', 'quiet': 'False', 'warn_error': 'None', 'partial_parse': 'True', 'use_colors': 'True', 'invocation_command': 'dbt init sensor_pulse', 'indirect_selection': 'eager', 'use_experimental_parser': 'False', 'log_path': 'logs'}
[0m13:06:49.718848 [info ] [MainThread]: Creating dbt configuration folder at C:\Users\trott\.dbt
[0m13:06:49.720854 [debug] [MainThread]: Starter project path: C:\Users\trott\AppData\Local\Programs\Python\Python312\Lib\site-packages\dbt\include\starter_project
[0m13:06:49.724736 [info ] [MainThread]: 
Your new dbt project "sensor_pulse" was created!

For more information on how to configure the profiles.yml file,
please consult the dbt documentation here:

  https://docs.getdbt.com/docs/configure-your-profile

One more thing:

Need help? Don't hesitate to reach out to us via GitHub issues or on Slack:

  https://community.getdbt.com/

Happy modeling!

[0m13:06:49.724736 [info ] [MainThread]: Setting up your profile.
[0m13:08:26.830814 [info ] [MainThread]: Profile sensor_pulse written to C:\Users\trott\.dbt\profiles.yml using target's sample configuration. Once updated, you'll be able to start developing with dbt.
[0m13:08:26.832648 [debug] [MainThread]: Command `dbt init` succeeded at 13:08:26.832648 after 97.31 seconds
[0m13:08:26.832648 [debug] [MainThread]: Sending event: {'category': 'dbt', 'action': 'invocation', 'label': 'end', 'context': [<snowplow_tracker.self_describing_json.SelfDescribingJson object at 0x0000011924B1FCB0>, <snowplow_tracker.self_describing_json.SelfDescribingJson object at 0x00000119278F98E0>, <snowplow_tracker.self_describing_json.SelfDescribingJson object at 0x0000011923B57710>]}
[0m13:08:26.832648 [debug] [MainThread]: Flushing usage events
[0m13:08:27.831141 [debug] [MainThread]: An error was encountered while trying to flush usage events
